Compiled application.js  (0ms)  (pid 4924)
Compiled application.css  (2ms)  (pid 4924)
Compiled aloha/plugins/custom/locomotive_media/css/image.css  (0ms)  (pid 4924)
Compiled aloha/plugins/custom/locomotive_media/lib/locomotive_media-plugin.js  (0ms)  (pid 4924)
Compiled aloha/plugins/custom/locomotive_media/nls/fr/i18n.js  (0ms)  (pid 4924)
Compiled aloha/plugins/custom/locomotive_media/nls/i18n.js  (0ms)  (pid 4924)
Compiled jquery.js  (4ms)  (pid 4924)
Compiled jquery-ui.js  (12ms)  (pid 4924)
Compiled jquery_ujs.js  (1ms)  (pid 4924)
Compiled underscore.js  (1ms)  (pid 4924)
Compiled backbone.js  (2ms)  (pid 4924)
Compiled codemirror.js  (3ms)  (pid 4924)
Compiled tinymce/preinit.js  (1ms)  (pid 4924)
Compiled tinymce/jquery.tinymce.js  (0ms)  (pid 4924)
Compiled tinymce/tiny_mce.js  (4ms)  (pid 4924)
Compiled tinymce-jquery.js  (265ms)  (pid 4924)
Compiled codemirror/utils/overlay.js  (0ms)  (pid 4924)
Compiled codemirror/modes/css.js  (1ms)  (pid 4924)
Compiled codemirror/modes/javascript.js  (0ms)  (pid 4924)
Compiled codemirror/modes/xml.js  (1ms)  (pid 4924)
Compiled codemirror/modes/htmlmixed.js  (0ms)  (pid 4924)
Compiled locomotive/ICanHandlebarz.js  (0ms)  (pid 4924)
Compiled locomotive/backbone.modelbinding.js  (0ms)  (pid 4924)
Compiled locomotive/backbone.sync.js  (0ms)  (pid 4924)
Compiled locomotive/cmd.js  (0ms)  (pid 4924)
Compiled locomotive/cookies.js  (0ms)  (pid 4924)
Compiled locomotive/datepicker_i18n.js  (1071ms)  (pid 4924)
Compiled locomotive/editable_field.js  (0ms)  (pid 4924)
Compiled locomotive/form_submit_notification.js  (0ms)  (pid 4924)
Compiled locomotive/growl.js  (0ms)  (pid 4924)
Compiled locomotive/handlebars.js  (0ms)  (pid 4924)
Compiled locomotive/liquid_mode.js  (1ms)  (pid 4924)
Compiled locomotive/menu_toggler.js  (0ms)  (pid 4924)
Compiled locomotive/resize.js  (0ms)  (pid 4924)
Compiled locomotive/slugify.js  (4ms)  (pid 4924)
Compiled locomotive/smartupdater.js  (0ms)  (pid 4924)
Compiled locomotive/subscribe.js  (0ms)  (pid 4924)
Compiled locomotive/toggle.js  (0ms)  (pid 4924)
Compiled locomotive/vendor.js  (1249ms)  (pid 4924)
Compiled locomotive/utils/aloha_settings.js  (466ms)  (pid 4924)
Compiled locomotive/utils/core_ext.js  (1ms)  (pid 4924)
Compiled locomotive/utils/growl.js  (0ms)  (pid 4924)
Compiled locomotive/utils/handlebar_helpers.js  (238ms)  (pid 4924)
Compiled locomotive/utils/tinymce_settings.js  (291ms)  (pid 4924)
Compiled locomotive/models/account.js  (244ms)  (pid 4924)
Compiled locomotive/models/content_asset.js  (253ms)  (pid 4924)
Compiled locomotive/models/content_entry.js  (309ms)  (pid 4924)
Compiled locomotive/models/content_type.js  (257ms)  (pid 4924)
Compiled locomotive/models/custom_field.js  (258ms)  (pid 4924)
Compiled locomotive/models/custom_field_select_option.js  (328ms)  (pid 4924)
Compiled locomotive/models/domain.js  (243ms)  (pid 4924)
Compiled locomotive/models/editable_element.js  (258ms)  (pid 4924)
Compiled locomotive/models/membership.js  (246ms)  (pid 4924)
Compiled locomotive/models/page.js  (258ms)  (pid 4924)
Compiled locomotive/models/site.js  (268ms)  (pid 4924)
Compiled locomotive/models/snippet.js  (237ms)  (pid 4924)
Compiled locomotive/models/theme_asset.js  (251ms)  (pid 4924)
Compiled locomotive/models/translation.js  (241ms)  (pid 4924)
Compiled locomotive/views/application_view.js  (316ms)  (pid 4924)
Compiled locomotive/views/content_assets/picker_item_view.js  (255ms)  (pid 4924)
Compiled locomotive/views/shared/asset_picker_view.js  (284ms)  (pid 4924)
Compiled locomotive/views/content_assets/picker_view.js  (572ms)  (pid 4924)
Compiled locomotive/views/shared/form_view.js  (330ms)  (pid 4924)
Compiled locomotive/views/content_entries/_form_view.js  (681ms)  (pid 4924)
Compiled locomotive/views/content_entries/_popup_form_view.js  (370ms)  (pid 4924)
Compiled locomotive/views/content_entries/edit_view.js  (223ms)  (pid 4924)
Compiled locomotive/views/content_entries/index_view.js  (254ms)  (pid 4924)
Compiled locomotive/views/content_entries/new_view.js  (224ms)  (pid 4924)
Compiled locomotive/views/content_types/_form_view.js  (280ms)  (pid 4924)
Compiled locomotive/views/content_types/custom_field_entry_view.js  (304ms)  (pid 4924)
Compiled locomotive/views/content_types/custom_fields_view.js  (360ms)  (pid 4924)
Compiled locomotive/views/content_types/edit_view.js  (241ms)  (pid 4924)
Compiled locomotive/views/content_types/new_view.js  (222ms)  (pid 4924)
Compiled locomotive/views/content_types/select_options_view.js  (275ms)  (pid 4924)
Compiled locomotive/views/sites/domains_view.js  (279ms)  (pid 4924)
Compiled locomotive/views/current_site/edit_view.js  (679ms)  (pid 4924)
Compiled locomotive/views/editable_elements/control_view.js  (229ms)  (pid 4924)
Compiled locomotive/views/editable_elements/edit_all_view.js  (294ms)  (pid 4924)
Compiled locomotive/views/editable_elements/file_view.js  (280ms)  (pid 4924)
Compiled locomotive/views/editable_elements/short_text_view.js  (243ms)  (pid 4924)
Compiled locomotive/views/editable_elements/long_text_view.js  (526ms)  (pid 4924)
Compiled locomotive/views/inline_editor/application_view.js  (312ms)  (pid 4924)
Compiled locomotive/views/inline_editor/toolbar_view.js  (334ms)  (pid 4924)
Compiled locomotive/views/my_account/edit_view.js  (279ms)  (pid 4924)
Compiled locomotive/views/pages/_form_view.js  (361ms)  (pid 4924)
Compiled locomotive/views/pages/edit_view.js  (250ms)  (pid 4924)
Compiled locomotive/views/pages/index_view.js  (226ms)  (pid 4924)
Compiled locomotive/views/pages/list_view.js  (254ms)  (pid 4924)
Compiled locomotive/views/pages/new_view.js  (250ms)  (pid 4924)
Compiled locomotive/views/shared/fields/file_view.js  (321ms)  (pid 4924)
Compiled locomotive/views/shared/fields/has_many_view.js  (403ms)  (pid 4924)
Compiled locomotive/views/shared/fields/many_to_many_view.js  (455ms)  (pid 4924)
Compiled locomotive/views/shared/fields/select_view.js  (322ms)  (pid 4924)
Compiled locomotive/views/shared/list_item_view.js  (290ms)  (pid 4924)
Compiled locomotive/views/shared/list_view.js  (281ms)  (pid 4924)
Compiled locomotive/views/sites/domain_entry_view.js  (270ms)  (pid 4924)
Compiled locomotive/views/sites/membership_entry_view.js  (321ms)  (pid 4924)
Compiled locomotive/views/sites/memberships_view.js  (245ms)  (pid 4924)
Compiled locomotive/views/sites/new_view.js  (250ms)  (pid 4924)
Compiled locomotive/views/snippets/_form_view.js  (384ms)  (pid 4924)
Compiled locomotive/views/snippets/edit_view.js  (323ms)  (pid 4924)
Compiled locomotive/views/snippets/list_item_view.js  (357ms)  (pid 4924)
Compiled locomotive/views/snippets/list_view.js  (329ms)  (pid 4924)
Compiled locomotive/views/snippets/new_view.js  (249ms)  (pid 4924)
Compiled locomotive/views/theme_assets/_form_view.js  (309ms)  (pid 4924)
Compiled locomotive/views/theme_assets/edit_view.js  (247ms)  (pid 4924)
Compiled locomotive/views/theme_assets/image_picker_view.js  (271ms)  (pid 4924)
Compiled locomotive/views/theme_assets/index_view.js  (314ms)  (pid 4924)
Compiled locomotive/views/theme_assets/list_item_view.js  (216ms)  (pid 4924)
Compiled locomotive/views/theme_assets/list_view.js  (225ms)  (pid 4924)
Compiled locomotive/views/theme_assets/new_view.js  (223ms)  (pid 4924)
Compiled locomotive/views/translations/_form_view.js  (224ms)  (pid 4924)
Compiled locomotive/views/translations/edit_view.js  (240ms)  (pid 4924)
Compiled locomotive/views/translations/new_view.js  (225ms)  (pid 4924)
Compiled locomotive/application.js  (24886ms)  (pid 4924)
Compiled locomotive.js  (27519ms)  (pid 4924)
Compiled aloha/preinit.js  (2ms)  (pid 4924)
Compiled aloha/lib/require.js  (6ms)  (pid 4924)
Compiled aloha/lib/aloha.js  (1ms)  (pid 4924)
Compiled aloha.js  (303ms)  (pid 4924)
Compiled locomotive/aloha.js  (1369ms)  (pid 4924)
Compiled locomotive/inline_editor.js  (246ms)  (pid 4924)
Compiled locomotive/not_logged_in.js  (296ms)  (pid 4924)
Compiled tinymce/plugins/jqueryinlinepopups/editor_plugin.js  (1ms)  (pid 4924)
Compiled tinymce/plugins/locomotive_media/editor_plugin.js  (0ms)  (pid 4924)
Compiled tinymce/plugins/locomotive_media/langs/en.js  (0ms)  (pid 4924)
Compiled tinymce/plugins/locomotive_media/langs/fr.js  (0ms)  (pid 4924)
Compiled tinymce/plugins/locomotive_media/langs/ru.js  (0ms)  (pid 4924)
Compiled tinymce/themes/advanced/skins/locomotive/content.css  (1ms)  (pid 4924)
Compiled tinymce/themes/advanced/skins/locomotive/dialog.css  (1573ms)  (pid 4924)
Compiled tinymce/themes/advanced/skins/locomotive/ui.css  (0ms)  (pid 4924)
Compiled locomotive/blueprint/screen.css  (1ms)  (pid 4924)
Compiled locomotive/jquery/ui.css  (414ms)  (pid 4924)
Compiled locomotive/font-awesome.css  (241ms)  (pid 4924)
Compiled formtastic.css  (0ms)  (pid 4924)
Compiled codemirror.css  (0ms)  (pid 4924)
Compiled codemirror/themes/neat.css  (0ms)  (pid 4924)
Compiled locomotive/toggle.css  (474ms)  (pid 4924)
Compiled locomotive/liquid_mode.css  (0ms)  (pid 4924)
Compiled locomotive/shared/_helpers.css  (585ms)  (pid 4924)
Compiled locomotive/shared/_picker.css  (1048ms)  (pid 4924)
Compiled locomotive/shared/common.css  (678ms)  (pid 4924)
Compiled locomotive/shared/content_locale_picker.css  (1061ms)  (pid 4924)
Compiled locomotive/shared/growl.css  (129ms)  (pid 4924)
Compiled locomotive/backoffice/_box.css  (1788ms)  (pid 4924)
Compiled locomotive/backoffice/_buttons.css  (614ms)  (pid 4924)
Compiled locomotive/backoffice/application.css  (3645ms)  (pid 4924)
Compiled locomotive/backoffice/codemirror_changes.css  (639ms)  (pid 4924)
Compiled locomotive/backoffice/content_assets.css  (1728ms)  (pid 4924)
Compiled locomotive/backoffice/datepicker.css  (662ms)  (pid 4924)
Compiled locomotive/backoffice/dialog_changes.css  (1704ms)  (pid 4924)
Compiled locomotive/backoffice/editable_elements.css  (3122ms)  (pid 4924)
Compiled locomotive/backoffice/formtastic_changes.css  (1939ms)  (pid 4924)
Compiled locomotive/backoffice/layout.css  (1762ms)  (pid 4924)
Compiled locomotive/backoffice/menu/sub.css  (623ms)  (pid 4924)
WARNING: This version of the transform module has been deprecated and will be removed.
         on line 3 of /Users/justin/.rvm/gems/ruby-1.9.3-p194/gems/compass-0.12.2/frameworks/compass/stylesheets/compass/css3/_transform-legacy.scss
         from line 5 of /Users/justin/.rvm/gems/ruby-1.9.3-p194/gems/locomotive_cms-2.0.3/app/assets/stylesheets/locomotive/backoffice/menu/main.css.scss

Compiled locomotive/backoffice/menu/main.css  (398ms)  (pid 4924)
Compiled locomotive/backoffice/menu/default.css  (290ms)  (pid 4924)
Compiled locomotive/backoffice/menu.css  (1561ms)  (pid 4924)
Compiled locomotive/backoffice/menu/_colors.css  (248ms)  (pid 4924)
Compiled locomotive/backoffice/menu/_helpers.css  (4ms)  (pid 4924)
Compiled locomotive/backoffice/sites_picker.css  (1050ms)  (pid 4924)
Compiled locomotive.css  (27221ms)  (pid 4924)
Compiled locomotive/inline_editor/_buttons.css  (408ms)  (pid 4924)
Compiled locomotive/inline_editor/layout.css  (25ms)  (pid 4924)
Compiled locomotive/inline_editor/toolbar.css  (595ms)  (pid 4924)
Compiled locomotive/inline_editor.css  (1303ms)  (pid 4924)
Compiled locomotive/not_logged_in/installation.css  (1271ms)  (pid 4924)
Compiled locomotive/not_logged_in/layout.css  (1192ms)  (pid 4924)
Compiled locomotive/not_logged_in.css  (2521ms)  (pid 4924)
Compiled aloha/css/aloha.css  (1ms)  (pid 4924)
Compiled tinymce.js  (4ms)  (pid 4924)
Compiled application.js  (0ms)  (pid 4924)
Compiled application.css  (1ms)  (pid 4924)
Compiled aloha/plugins/custom/locomotive_media/css/image.css  (0ms)  (pid 4924)
Compiled aloha/plugins/custom/locomotive_media/lib/locomotive_media-plugin.js  (0ms)  (pid 4924)
Compiled aloha/plugins/custom/locomotive_media/nls/fr/i18n.js  (0ms)  (pid 4924)
Compiled aloha/plugins/custom/locomotive_media/nls/i18n.js  (0ms)  (pid 4924)
Compiled jquery.js  (2ms)  (pid 4924)
Compiled jquery-ui.js  (10ms)  (pid 4924)
Compiled jquery_ujs.js  (0ms)  (pid 4924)
Compiled underscore.js  (2ms)  (pid 4924)
Compiled backbone.js  (1ms)  (pid 4924)
Compiled codemirror.js  (1ms)  (pid 4924)
Compiled tinymce/preinit.js  (1ms)  (pid 4924)
Compiled tinymce/jquery.tinymce.js  (0ms)  (pid 4924)
Compiled tinymce/tiny_mce.js  (2ms)  (pid 4924)
Compiled tinymce-jquery.js  (36ms)  (pid 4924)
Compiled codemirror/utils/overlay.js  (0ms)  (pid 4924)
Compiled codemirror/modes/css.js  (0ms)  (pid 4924)
Compiled codemirror/modes/javascript.js  (0ms)  (pid 4924)
Compiled codemirror/modes/xml.js  (0ms)  (pid 4924)
Compiled codemirror/modes/htmlmixed.js  (0ms)  (pid 4924)
Compiled locomotive/ICanHandlebarz.js  (0ms)  (pid 4924)
Compiled locomotive/backbone.modelbinding.js  (0ms)  (pid 4924)
Compiled locomotive/backbone.sync.js  (0ms)  (pid 4924)
Compiled locomotive/cmd.js  (0ms)  (pid 4924)
Compiled locomotive/cookies.js  (0ms)  (pid 4924)
Compiled locomotive/datepicker_i18n.js  (702ms)  (pid 4924)
Compiled locomotive/editable_field.js  (0ms)  (pid 4924)
Compiled locomotive/form_submit_notification.js  (0ms)  (pid 4924)
Compiled locomotive/growl.js  (0ms)  (pid 4924)
Compiled locomotive/handlebars.js  (1ms)  (pid 4924)
Compiled locomotive/liquid_mode.js  (0ms)  (pid 4924)
Compiled locomotive/menu_toggler.js  (0ms)  (pid 4924)
Compiled locomotive/resize.js  (0ms)  (pid 4924)
Compiled locomotive/slugify.js  (0ms)  (pid 4924)
Compiled locomotive/smartupdater.js  (0ms)  (pid 4924)
Compiled locomotive/subscribe.js  (0ms)  (pid 4924)
Compiled locomotive/toggle.js  (0ms)  (pid 4924)
Compiled locomotive/vendor.js  (873ms)  (pid 4924)
Compiled locomotive/utils/aloha_settings.js  (250ms)  (pid 4924)
Compiled locomotive/utils/core_ext.js  (0ms)  (pid 4924)
Compiled locomotive/utils/growl.js  (0ms)  (pid 4924)
Compiled locomotive/utils/handlebar_helpers.js  (219ms)  (pid 4924)
Compiled locomotive/utils/tinymce_settings.js  (240ms)  (pid 4924)
Compiled locomotive/models/account.js  (223ms)  (pid 4924)
Compiled locomotive/models/content_asset.js  (350ms)  (pid 4924)
Compiled locomotive/models/content_entry.js  (345ms)  (pid 4924)
Compiled locomotive/models/content_type.js  (342ms)  (pid 4924)
Compiled locomotive/models/custom_field.js  (321ms)  (pid 4924)
Compiled locomotive/models/custom_field_select_option.js  (292ms)  (pid 4924)
Compiled locomotive/models/domain.js  (245ms)  (pid 4924)
Compiled locomotive/models/editable_element.js  (294ms)  (pid 4924)
Compiled locomotive/models/membership.js  (266ms)  (pid 4924)
Compiled locomotive/models/page.js  (254ms)  (pid 4924)
Compiled locomotive/models/site.js  (260ms)  (pid 4924)
Compiled locomotive/models/snippet.js  (232ms)  (pid 4924)
Compiled locomotive/models/theme_asset.js  (230ms)  (pid 4924)
Compiled locomotive/models/translation.js  (218ms)  (pid 4924)
Compiled locomotive/views/application_view.js  (389ms)  (pid 4924)
Compiled locomotive/views/content_assets/picker_item_view.js  (259ms)  (pid 4924)
Compiled locomotive/views/shared/asset_picker_view.js  (290ms)  (pid 4924)
Compiled locomotive/views/content_assets/picker_view.js  (579ms)  (pid 4924)
Compiled locomotive/views/shared/form_view.js  (327ms)  (pid 4924)
Compiled locomotive/views/content_entries/_form_view.js  (709ms)  (pid 4924)
Compiled locomotive/views/content_entries/_popup_form_view.js  (376ms)  (pid 4924)
Compiled locomotive/views/content_entries/edit_view.js  (225ms)  (pid 4924)
Compiled locomotive/views/content_entries/index_view.js  (251ms)  (pid 4924)
Compiled locomotive/views/content_entries/new_view.js  (251ms)  (pid 4924)
Compiled locomotive/views/content_types/_form_view.js  (300ms)  (pid 4924)
Compiled locomotive/views/content_types/custom_field_entry_view.js  (354ms)  (pid 4924)
Compiled locomotive/views/content_types/custom_fields_view.js  (329ms)  (pid 4924)
Compiled locomotive/views/content_types/edit_view.js  (263ms)  (pid 4924)
Compiled locomotive/views/content_types/new_view.js  (264ms)  (pid 4924)
Compiled locomotive/views/content_types/select_options_view.js  (298ms)  (pid 4924)
Compiled locomotive/views/sites/domains_view.js  (295ms)  (pid 4924)
Compiled locomotive/views/current_site/edit_view.js  (663ms)  (pid 4924)
Compiled locomotive/views/editable_elements/control_view.js  (320ms)  (pid 4924)
Compiled locomotive/views/editable_elements/edit_all_view.js  (342ms)  (pid 4924)
Compiled locomotive/views/editable_elements/file_view.js  (321ms)  (pid 4924)
Compiled locomotive/views/editable_elements/short_text_view.js  (264ms)  (pid 4924)
Compiled locomotive/views/editable_elements/long_text_view.js  (560ms)  (pid 4924)
Compiled locomotive/views/inline_editor/application_view.js  (332ms)  (pid 4924)
Compiled locomotive/views/inline_editor/toolbar_view.js  (346ms)  (pid 4924)
Compiled locomotive/views/my_account/edit_view.js  (247ms)  (pid 4924)
Compiled locomotive/views/pages/_form_view.js  (373ms)  (pid 4924)
Compiled locomotive/views/pages/edit_view.js  (272ms)  (pid 4924)
Compiled locomotive/views/pages/index_view.js  (245ms)  (pid 4924)
Compiled locomotive/views/pages/list_view.js  (267ms)  (pid 4924)
Compiled locomotive/views/pages/new_view.js  (240ms)  (pid 4924)
Compiled locomotive/views/shared/fields/file_view.js  (337ms)  (pid 4924)
Compiled locomotive/views/shared/fields/has_many_view.js  (356ms)  (pid 4924)
Compiled locomotive/views/shared/fields/many_to_many_view.js  (334ms)  (pid 4924)
Compiled locomotive/views/shared/fields/select_view.js  (309ms)  (pid 4924)
Compiled locomotive/views/shared/list_item_view.js  (345ms)  (pid 4924)
Compiled locomotive/views/shared/list_view.js  (264ms)  (pid 4924)
Compiled locomotive/views/sites/domain_entry_view.js  (278ms)  (pid 4924)
Compiled locomotive/views/sites/membership_entry_view.js  (270ms)  (pid 4924)
Compiled locomotive/views/sites/memberships_view.js  (258ms)  (pid 4924)
Compiled locomotive/views/sites/new_view.js  (288ms)  (pid 4924)
Compiled locomotive/views/snippets/_form_view.js  (300ms)  (pid 4924)
Compiled locomotive/views/snippets/edit_view.js  (339ms)  (pid 4924)
Compiled locomotive/views/snippets/list_item_view.js  (251ms)  (pid 4924)
Compiled locomotive/views/snippets/list_view.js  (262ms)  (pid 4924)
Compiled locomotive/views/snippets/new_view.js  (270ms)  (pid 4924)
Compiled locomotive/views/theme_assets/_form_view.js  (340ms)  (pid 4924)
Compiled locomotive/views/theme_assets/edit_view.js  (254ms)  (pid 4924)
Compiled locomotive/views/theme_assets/image_picker_view.js  (276ms)  (pid 4924)
Compiled locomotive/views/theme_assets/index_view.js  (425ms)  (pid 4924)
Compiled locomotive/views/theme_assets/list_item_view.js  (237ms)  (pid 4924)
Compiled locomotive/views/theme_assets/list_view.js  (252ms)  (pid 4924)
Compiled locomotive/views/theme_assets/new_view.js  (260ms)  (pid 4924)
Compiled locomotive/views/translations/_form_view.js  (234ms)  (pid 4924)
Compiled locomotive/views/translations/edit_view.js  (244ms)  (pid 4924)
Compiled locomotive/views/translations/new_view.js  (258ms)  (pid 4924)
Compiled locomotive/application.js  (22998ms)  (pid 4924)
Compiled locomotive.js  (24291ms)  (pid 4924)
Compiled aloha/preinit.js  (1ms)  (pid 4924)
Compiled aloha/lib/require.js  (1ms)  (pid 4924)
Compiled aloha/lib/aloha.js  (1ms)  (pid 4924)
Compiled aloha.js  (94ms)  (pid 4924)
Compiled locomotive/aloha.js  (371ms)  (pid 4924)
Compiled locomotive/inline_editor.js  (260ms)  (pid 4924)
Compiled locomotive/not_logged_in.js  (214ms)  (pid 4924)
Compiled tinymce/plugins/jqueryinlinepopups/editor_plugin.js  (0ms)  (pid 4924)
Compiled tinymce/plugins/locomotive_media/editor_plugin.js  (0ms)  (pid 4924)
Compiled tinymce/plugins/locomotive_media/langs/en.js  (0ms)  (pid 4924)
Compiled tinymce/plugins/locomotive_media/langs/fr.js  (0ms)  (pid 4924)
Compiled tinymce/plugins/locomotive_media/langs/ru.js  (0ms)  (pid 4924)
Compiled tinymce/themes/advanced/skins/locomotive/content.css  (0ms)  (pid 4924)
Compiled tinymce/themes/advanced/skins/locomotive/dialog.css  (1400ms)  (pid 4924)
Compiled tinymce/themes/advanced/skins/locomotive/ui.css  (0ms)  (pid 4924)
Compiled locomotive/blueprint/screen.css  (0ms)  (pid 4924)
Compiled locomotive/jquery/ui.css  (387ms)  (pid 4924)
Compiled locomotive/font-awesome.css  (220ms)  (pid 4924)
Compiled formtastic.css  (0ms)  (pid 4924)
Compiled codemirror.css  (0ms)  (pid 4924)
Compiled codemirror/themes/neat.css  (0ms)  (pid 4924)
Compiled locomotive/toggle.css  (468ms)  (pid 4924)
Compiled locomotive/liquid_mode.css  (0ms)  (pid 4924)
Compiled locomotive/shared/_helpers.css  (659ms)  (pid 4924)
Compiled locomotive/shared/_picker.css  (1095ms)  (pid 4924)
Compiled locomotive/shared/common.css  (723ms)  (pid 4924)
Compiled locomotive/shared/content_locale_picker.css  (1167ms)  (pid 4924)
Compiled locomotive/shared/growl.css  (169ms)  (pid 4924)
Compiled locomotive/backoffice/_box.css  (1960ms)  (pid 4924)
Compiled locomotive/backoffice/_buttons.css  (661ms)  (pid 4924)
Compiled locomotive/backoffice/application.css  (4286ms)  (pid 4924)
Compiled locomotive/backoffice/codemirror_changes.css  (656ms)  (pid 4924)
Compiled locomotive/backoffice/content_assets.css  (1956ms)  (pid 4924)
Compiled locomotive/backoffice/datepicker.css  (683ms)  (pid 4924)
Compiled locomotive/backoffice/dialog_changes.css  (2008ms)  (pid 4924)
Compiled locomotive/backoffice/editable_elements.css  (3743ms)  (pid 4924)
Compiled locomotive/backoffice/formtastic_changes.css  (2314ms)  (pid 4924)
Compiled locomotive/backoffice/layout.css  (2118ms)  (pid 4924)
Compiled locomotive/backoffice/menu/sub.css  (456ms)  (pid 4924)
WARNING: This version of the transform module has been deprecated and will be removed.
         on line 3 of /Users/justin/.rvm/gems/ruby-1.9.3-p194/gems/compass-0.12.2/frameworks/compass/stylesheets/compass/css3/_transform-legacy.scss
         from line 5 of /Users/justin/.rvm/gems/ruby-1.9.3-p194/gems/locomotive_cms-2.0.3/app/assets/stylesheets/locomotive/backoffice/menu/main.css.scss

Compiled locomotive/backoffice/menu/main.css  (386ms)  (pid 4924)
Compiled locomotive/backoffice/menu/default.css  (324ms)  (pid 4924)
Compiled locomotive/backoffice/menu.css  (1190ms)  (pid 4924)
Compiled locomotive/backoffice/menu/_colors.css  (270ms)  (pid 4924)
Compiled locomotive/backoffice/menu/_helpers.css  (5ms)  (pid 4924)
Compiled locomotive/backoffice/sites_picker.css  (1237ms)  (pid 4924)
Compiled locomotive.css  (28216ms)  (pid 4924)
Compiled locomotive/inline_editor/_buttons.css  (346ms)  (pid 4924)
Compiled locomotive/inline_editor/layout.css  (5ms)  (pid 4924)
Compiled locomotive/inline_editor/toolbar.css  (570ms)  (pid 4924)
Compiled locomotive/inline_editor.css  (955ms)  (pid 4924)
Compiled locomotive/not_logged_in/installation.css  (1143ms)  (pid 4924)
Compiled locomotive/not_logged_in/layout.css  (1092ms)  (pid 4924)
Compiled locomotive/not_logged_in.css  (2254ms)  (pid 4924)
Compiled aloha/css/aloha.css  (0ms)  (pid 4924)
Compiled tinymce.js  (4ms)  (pid 4924)
